# JRE version: Java(TM) SE Runtime Environment (15.0.2+7) (build 15.0.2+7-27)
# Java VM: Java HotSpot(TM) 64-Bit Server VM (15.0.2+7-27, mixed mode, sharing, tiered, compressed oops, g1 gc, windows-amd64)
GC Precious Log:
 CPUs: 8 total, 8 available
 Memory: 6082M
 Large Page Support: Disabled
 NUMA Support: Disabled
 Compressed Oops: Enabled (32-bit)
 Heap Region Size: 1M
 Heap Min Capacity: 8M
 Heap Initial Capacity: 96M
 Heap Max Capacity: 1522M
 Pre-touch: Disabled
 Parallel Workers: 8
 Concurrent Workers: 2
 Concurrent Refinement Workers: 8
 Periodic GC: Disabled
Heap:
 garbage-first heap   total 56320K, used 52053K [0x00000000a0e00000, 0x0000000100000000)
  region size 1024K, 3 young (3072K), 1 survivors (1024K)
 Metaspace       used 6926K, capacity 7043K, committed 7168K, reserved 1056768K
  class space    used 691K, capacity 759K, committed 768K, reserved 1048576K
GC Heap History (20 events):
Event: 14.116 GC heap before
{Heap before GC invocations=90 (full 0):
 garbage-first heap   total 40960K, used 17227K [0x00000000a0e00000, 0x0000000100000000)
  region size 1024K, 3 young (3072K), 1 survivors (1024K)
 Metaspace       used 6799K, capacity 6915K, committed 7168K, reserved 1056768K
  class space    used 691K, capacity 759K, committed 768K, reserved 1048576K
}
Event: 14.117 GC heap after
{Heap after GC invocations=91 (full 0):
 garbage-first heap   total 40960K, used 8011K [0x00000000a0e00000, 0x0000000100000000)
  region size 1024K, 1 young (1024K), 1 survivors (1024K)
 Metaspace       used 6799K, capacity 6915K, committed 7168K, reserved 1056768K
  class space    used 691K, capacity 759K, committed 768K, reserved 1048576K
}
Event: 14.349 GC heap before
{Heap before GC invocations=92 (full 0):
 garbage-first heap   total 40960K, used 17227K [0x00000000a0e00000, 0x0000000100000000)
  region size 1024K, 3 young (3072K), 1 survivors (1024K)
 Metaspace       used 6816K, capacity 6979K, committed 7168K, reserved 1056768K
  class space    used 691K, capacity 759K, committed 768K, reserved 1048576K
}
Event: 14.350 GC heap after
{Heap after GC invocations=93 (full 0):
 garbage-first heap   total 40960K, used 8016K [0x00000000a0e00000, 0x0000000100000000)
  region size 1024K, 1 young (1024K), 1 survivors (1024K)
 Metaspace       used 6816K, capacity 6979K, committed 7168K, reserved 1056768K
  class space    used 691K, capacity 759K, committed 768K, reserved 1048576K
}
Event: 14.586 GC heap before
{Heap before GC invocations=94 (full 0):
 garbage-first heap   total 40960K, used 17232K [0x00000000a0e00000, 0x0000000100000000)
  region size 1024K, 3 young (3072K), 1 survivors (1024K)
 Metaspace       used 6816K, capacity 6979K, committed 7168K, reserved 1056768K
  class space    used 691K, capacity 759K, committed 768K, reserved 1048576K
}
Event: 14.587 GC heap after
{Heap after GC invocations=95 (full 0):
 garbage-first heap   total 40960K, used 8014K [0x00000000a0e00000, 0x0000000100000000)
  region size 1024K, 1 young (1024K), 1 survivors (1024K)
 Metaspace       used 6816K, capacity 6979K, committed 7168K, reserved 1056768K
  class space    used 691K, capacity 759K, committed 768K, reserved 1048576K
}
Event: 14.796 GC heap before
{Heap before GC invocations=96 (full 0):
 garbage-first heap   total 40960K, used 17230K [0x00000000a0e00000, 0x0000000100000000)
  region size 1024K, 3 young (3072K), 1 survivors (1024K)
 Metaspace       used 6818K, capacity 6979K, committed 7168K, reserved 1056768K
  class space    used 691K, capacity 759K, committed 768K, reserved 1048576K
}
Event: 14.797 GC heap after
{Heap after GC invocations=97 (full 0):
 garbage-first heap   total 40960K, used 8014K [0x00000000a0e00000, 0x0000000100000000)
  region size 1024K, 1 young (1024K), 1 survivors (1024K)
 Metaspace       used 6818K, capacity 6979K, committed 7168K, reserved 1056768K
  class space    used 691K, capacity 759K, committed 768K, reserved 1048576K
}
Event: 15.044 GC heap before
{Heap before GC invocations=98 (full 0):
 garbage-first heap   total 40960K, used 17230K [0x00000000a0e00000, 0x0000000100000000)
  region size 1024K, 3 young (3072K), 1 survivors (1024K)
 Metaspace       used 6821K, capacity 6979K, committed 7168K, reserved 1056768K
  class space    used 691K, capacity 759K, committed 768K, reserved 1048576K
}
Event: 15.045 GC heap after
{Heap after GC invocations=99 (full 0):
 garbage-first heap   total 40960K, used 8016K [0x00000000a0e00000, 0x0000000100000000)
  region size 1024K, 1 young (1024K), 1 survivors (1024K)
 Metaspace       used 6821K, capacity 6979K, committed 7168K, reserved 1056768K
  class space    used 691K, capacity 759K, committed 768K, reserved 1048576K
}
Event: 15.308 GC heap before
{Heap before GC invocations=100 (full 0):
 garbage-first heap   total 40960K, used 17232K [0x00000000a0e00000, 0x0000000100000000)
  region size 1024K, 3 young (3072K), 1 survivors (1024K)
 Metaspace       used 6838K, capacity 6979K, committed 7168K, reserved 1056768K
  class space    used 691K, capacity 759K, committed 768K, reserved 1048576K
}
Event: 15.309 GC heap after
{Heap after GC invocations=101 (full 0):
 garbage-first heap   total 40960K, used 8016K [0x00000000a0e00000, 0x0000000100000000)
  region size 1024K, 1 young (1024K), 1 survivors (1024K)
 Metaspace       used 6838K, capacity 6979K, committed 7168K, reserved 1056768K
  class space    used 691K, capacity 759K, committed 768K, reserved 1048576K
}
Event: 15.452 GC heap before
{Heap before GC invocations=102 (full 0):
 garbage-first heap   total 40960K, used 17232K [0x00000000a0e00000, 0x0000000100000000)
  region size 1024K, 3 young (3072K), 1 survivors (1024K)
 Metaspace       used 6840K, capacity 6979K, committed 7168K, reserved 1056768K
  class space    used 691K, capacity 759K, committed 768K, reserved 1048576K
}
Event: 15.453 GC heap after
{Heap after GC invocations=103 (full 0):
 garbage-first heap   total 40960K, used 8017K [0x00000000a0e00000, 0x0000000100000000)
  region size 1024K, 1 young (1024K), 1 survivors (1024K)
 Metaspace       used 6840K, capacity 6979K, committed 7168K, reserved 1056768K
  class space    used 691K, capacity 759K, committed 768K, reserved 1048576K
}
Event: 15.691 GC heap before
{Heap before GC invocations=104 (full 0):
 garbage-first heap   total 40960K, used 17233K [0x00000000a0e00000, 0x0000000100000000)
  region size 1024K, 3 young (3072K), 1 survivors (1024K)
 Metaspace       used 6849K, capacity 6979K, committed 7168K, reserved 1056768K
  class space    used 691K, capacity 759K, committed 768K, reserved 1048576K
}
Event: 15.692 GC heap after
{Heap after GC invocations=105 (full 0):
 garbage-first heap   total 40960K, used 8019K [0x00000000a0e00000, 0x0000000100000000)
  region size 1024K, 1 young (1024K), 1 survivors (1024K)
 Metaspace       used 6849K, capacity 6979K, committed 7168K, reserved 1056768K
  class space    used 691K, capacity 759K, committed 768K, reserved 1048576K
}
Event: 15.879 GC heap before
{Heap before GC invocations=106 (full 0):
 garbage-first heap   total 40960K, used 17235K [0x00000000a0e00000, 0x0000000100000000)
  region size 1024K, 3 young (3072K), 1 survivors (1024K)
 Metaspace       used 6872K, capacity 6979K, committed 7168K, reserved 1056768K
  class space    used 691K, capacity 759K, committed 768K, reserved 1048576K
}
Event: 15.881 GC heap after
{Heap after GC invocations=107 (full 0):
 garbage-first heap   total 40960K, used 8019K [0x00000000a0e00000, 0x0000000100000000)
  region size 1024K, 1 young (1024K), 1 survivors (1024K)
 Metaspace       used 6872K, capacity 6979K, committed 7168K, reserved 1056768K
  class space    used 691K, capacity 759K, committed 768K, reserved 1048576K
}
Event: 16.171 GC heap before
{Heap before GC invocations=108 (full 0):
 garbage-first heap   total 40960K, used 17235K [0x00000000a0e00000, 0x0000000100000000)
  region size 1024K, 3 young (3072K), 1 survivors (1024K)
 Metaspace       used 6901K, capacity 7043K, committed 7168K, reserved 1056768K
  class space    used 691K, capacity 759K, committed 768K, reserved 1048576K
}
Event: 16.172 GC heap after
{Heap after GC invocations=109 (full 0):
 garbage-first heap   total 40960K, used 8021K [0x00000000a0e00000, 0x0000000100000000)
  region size 1024K, 1 young (1024K), 1 survivors (1024K)
 Metaspace       used 6901K, capacity 7043K, committed 7168K, reserved 1056768K
  class space    used 691K, capacity 759K, committed 768K, reserved 1048576K
}

