# JRE version: Java(TM) SE Runtime Environment (15.0.2+7) (build 15.0.2+7-27)
# Java VM: Java HotSpot(TM) 64-Bit Server VM (15.0.2+7-27, mixed mode, sharing, tiered, compressed oops, g1 gc, windows-amd64)
GC Precious Log:
 CPUs: 8 total, 8 available
 Memory: 6082M
 Large Page Support: Disabled
 NUMA Support: Disabled
 Compressed Oops: Enabled (32-bit)
 Heap Region Size: 1M
 Heap Min Capacity: 8M
 Heap Initial Capacity: 96M
 Heap Max Capacity: 1522M
 Pre-touch: Disabled
 Parallel Workers: 8
 Concurrent Workers: 2
 Concurrent Refinement Workers: 8
 Periodic GC: Disabled
Heap:
 garbage-first heap   total 34816K, used 23394K [0x00000000a0e00000, 0x0000000100000000)
  region size 1024K, 3 young (3072K), 1 survivors (1024K)
 Metaspace       used 6804K, capacity 6915K, committed 7168K, reserved 1056768K
  class space    used 691K, capacity 759K, committed 768K, reserved 1048576K
GC Heap History (20 events):
Event: 9.027 GC heap before
{Heap before GC invocations=88 (full 0):
 garbage-first heap   total 40960K, used 16218K [0x00000000a0e00000, 0x0000000100000000)
  region size 1024K, 2 young (2048K), 1 survivors (1024K)
 Metaspace       used 6695K, capacity 6851K, committed 6912K, reserved 1056768K
  class space    used 691K, capacity 759K, committed 768K, reserved 1048576K
}
Event: 9.027 GC heap after
{Heap after GC invocations=89 (full 0):
 garbage-first heap   total 40960K, used 8024K [0x00000000a0e00000, 0x0000000100000000)
  region size 1024K, 1 young (1024K), 1 survivors (1024K)
 Metaspace       used 6695K, capacity 6851K, committed 6912K, reserved 1056768K
  class space    used 691K, capacity 759K, committed 768K, reserved 1048576K
}
Event: 9.155 GC heap before
{Heap before GC invocations=90 (full 0):
 garbage-first heap   total 40960K, used 16216K [0x00000000a0e00000, 0x0000000100000000)
  region size 1024K, 2 young (2048K), 1 survivors (1024K)
 Metaspace       used 6699K, capacity 6851K, committed 6912K, reserved 1056768K
  class space    used 691K, capacity 759K, committed 768K, reserved 1048576K
}
Event: 9.156 GC heap after
{Heap after GC invocations=91 (full 0):
 garbage-first heap   total 40960K, used 8029K [0x00000000a0e00000, 0x0000000100000000)
  region size 1024K, 1 young (1024K), 1 survivors (1024K)
 Metaspace       used 6699K, capacity 6851K, committed 6912K, reserved 1056768K
  class space    used 691K, capacity 759K, committed 768K, reserved 1048576K
}
Event: 9.299 GC heap before
{Heap before GC invocations=92 (full 0):
 garbage-first heap   total 40960K, used 16221K [0x00000000a0e00000, 0x0000000100000000)
  region size 1024K, 2 young (2048K), 1 survivors (1024K)
 Metaspace       used 6703K, capacity 6851K, committed 6912K, reserved 1056768K
  class space    used 691K, capacity 759K, committed 768K, reserved 1048576K
}
Event: 9.299 GC heap after
{Heap after GC invocations=93 (full 0):
 garbage-first heap   total 40960K, used 8031K [0x00000000a0e00000, 0x0000000100000000)
  region size 1024K, 1 young (1024K), 1 survivors (1024K)
 Metaspace       used 6703K, capacity 6851K, committed 6912K, reserved 1056768K
  class space    used 691K, capacity 759K, committed 768K, reserved 1048576K
}
Event: 9.427 GC heap before
{Heap before GC invocations=94 (full 0):
 garbage-first heap   total 40960K, used 16223K [0x00000000a0e00000, 0x0000000100000000)
  region size 1024K, 2 young (2048K), 1 survivors (1024K)
 Metaspace       used 6704K, capacity 6851K, committed 6912K, reserved 1056768K
  class space    used 691K, capacity 759K, committed 768K, reserved 1048576K
}
Event: 9.427 GC heap after
{Heap after GC invocations=95 (full 0):
 garbage-first heap   total 40960K, used 8033K [0x00000000a0e00000, 0x0000000100000000)
  region size 1024K, 1 young (1024K), 1 survivors (1024K)
 Metaspace       used 6704K, capacity 6851K, committed 6912K, reserved 1056768K
  class space    used 691K, capacity 759K, committed 768K, reserved 1048576K
}
Event: 9.555 GC heap before
{Heap before GC invocations=96 (full 0):
 garbage-first heap   total 40960K, used 16225K [0x00000000a0e00000, 0x0000000100000000)
  region size 1024K, 2 young (2048K), 1 survivors (1024K)
 Metaspace       used 6707K, capacity 6851K, committed 6912K, reserved 1056768K
  class space    used 691K, capacity 759K, committed 768K, reserved 1048576K
}
Event: 9.556 GC heap after
{Heap after GC invocations=97 (full 0):
 garbage-first heap   total 40960K, used 8029K [0x00000000a0e00000, 0x0000000100000000)
  region size 1024K, 1 young (1024K), 1 survivors (1024K)
 Metaspace       used 6707K, capacity 6851K, committed 6912K, reserved 1056768K
  class space    used 691K, capacity 759K, committed 768K, reserved 1048576K
}
Event: 9.698 GC heap before
{Heap before GC invocations=98 (full 0):
 garbage-first heap   total 40960K, used 16221K [0x00000000a0e00000, 0x0000000100000000)
  region size 1024K, 2 young (2048K), 1 survivors (1024K)
 Metaspace       used 6712K, capacity 6851K, committed 6912K, reserved 1056768K
  class space    used 691K, capacity 759K, committed 768K, reserved 1048576K
}
Event: 9.698 GC heap after
{Heap after GC invocations=99 (full 0):
 garbage-first heap   total 40960K, used 8029K [0x00000000a0e00000, 0x0000000100000000)
  region size 1024K, 1 young (1024K), 1 survivors (1024K)
 Metaspace       used 6712K, capacity 6851K, committed 6912K, reserved 1056768K
  class space    used 691K, capacity 759K, committed 768K, reserved 1048576K
}
Event: 9.827 GC heap before
{Heap before GC invocations=100 (full 0):
 garbage-first heap   total 40960K, used 17245K [0x00000000a0e00000, 0x0000000100000000)
  region size 1024K, 3 young (3072K), 1 survivors (1024K)
 Metaspace       used 6715K, capacity 6851K, committed 6912K, reserved 1056768K
  class space    used 691K, capacity 759K, committed 768K, reserved 1048576K
}
Event: 9.828 GC heap after
{Heap after GC invocations=101 (full 0):
 garbage-first heap   total 40960K, used 8031K [0x00000000a0e00000, 0x0000000100000000)
  region size 1024K, 1 young (1024K), 1 survivors (1024K)
 Metaspace       used 6715K, capacity 6851K, committed 6912K, reserved 1056768K
  class space    used 691K, capacity 759K, committed 768K, reserved 1048576K
}
Event: 9.955 GC heap before
{Heap before GC invocations=102 (full 0):
 garbage-first heap   total 40960K, used 17247K [0x00000000a0e00000, 0x0000000100000000)
  region size 1024K, 3 young (3072K), 1 survivors (1024K)
 Metaspace       used 6718K, capacity 6851K, committed 6912K, reserved 1056768K
  class space    used 691K, capacity 759K, committed 768K, reserved 1048576K
}
Event: 9.956 GC heap after
{Heap after GC invocations=103 (full 0):
 garbage-first heap   total 40960K, used 8029K [0x00000000a0e00000, 0x0000000100000000)
  region size 1024K, 1 young (1024K), 1 survivors (1024K)
 Metaspace       used 6718K, capacity 6851K, committed 6912K, reserved 1056768K
  class space    used 691K, capacity 759K, committed 768K, reserved 1048576K
}
Event: 10.099 GC heap before
{Heap before GC invocations=104 (full 0):
 garbage-first heap   total 40960K, used 17245K [0x00000000a0e00000, 0x0000000100000000)
  region size 1024K, 3 young (3072K), 1 survivors (1024K)
 Metaspace       used 6744K, capacity 6851K, committed 6912K, reserved 1056768K
  class space    used 691K, capacity 759K, committed 768K, reserved 1048576K
}
Event: 10.100 GC heap after
{Heap after GC invocations=105 (full 0):
 garbage-first heap   total 40960K, used 8034K [0x00000000a0e00000, 0x0000000100000000)
  region size 1024K, 1 young (1024K), 1 survivors (1024K)
 Metaspace       used 6744K, capacity 6851K, committed 6912K, reserved 1056768K
  class space    used 691K, capacity 759K, committed 768K, reserved 1048576K
}
Event: 10.226 GC heap before
{Heap before GC invocations=106 (full 0):
 garbage-first heap   total 40960K, used 17250K [0x00000000a0e00000, 0x0000000100000000)
  region size 1024K, 3 young (3072K), 1 survivors (1024K)
 Metaspace       used 6763K, capacity 6915K, committed 7168K, reserved 1056768K
  class space    used 691K, capacity 759K, committed 768K, reserved 1048576K
}
Event: 10.227 GC heap after
{Heap after GC invocations=107 (full 0):
 garbage-first heap   total 40960K, used 8034K [0x00000000a0e00000, 0x0000000100000000)
  region size 1024K, 1 young (1024K), 1 survivors (1024K)
 Metaspace       used 6763K, capacity 6915K, committed 7168K, reserved 1056768K
  class space    used 691K, capacity 759K, committed 768K, reserved 1048576K
}

